Analysis & Synthesis report for uart
Thu Apr 13 14:43:15 2023
Quartus Prime Version 22.1std.0 Build 915 10/25/2022 SC Lite Edition


---------------------
; Table of Contents ;
---------------------
  1. Legal Notice
  2. Analysis & Synthesis Summary
  3. Analysis & Synthesis Settings
  4. Parallel Compilation
  5. Analysis & Synthesis Source Files Read
  6. Analysis & Synthesis Resource Usage Summary
  7. Analysis & Synthesis Resource Utilization by Entity
  8. General Register Statistics
  9. Post-Synthesis Netlist Statistics for Top Partition
 10. Elapsed Time Per Partition
 11. Analysis & Synthesis Messages



----------------
; Legal Notice ;
----------------
Copyright (C) 2022  Intel Corporation. All rights reserved.
Your use of Intel Corporation's design tools, logic functions 
and other software and tools, and any partner logic 
functions, and any output files from any of the foregoing 
(including device programming or simulation files), and any 
associated documentation or information are expressly subject 
to the terms and conditions of the Intel Program License 
Subscription Agreement, the Intel Quartus Prime License Agreement,
the Intel FPGA IP License Agreement, or other applicable license
agreement, including, without limitation, that your use is for
the sole purpose of programming logic devices manufactured by
Intel and sold by Intel or its authorized distributors.  Please
refer to the applicable agreement for further details, at
https://fpgasoftware.intel.com/eula.



+-------------------------------------------------------------------------------------+
; Analysis & Synthesis Summary                                                        ;
+------------------------------------+------------------------------------------------+
; Analysis & Synthesis Status        ; Successful - Thu Apr 13 14:43:15 2023          ;
; Quartus Prime Version              ; 22.1std.0 Build 915 10/25/2022 SC Lite Edition ;
; Revision Name                      ; uart                                           ;
; Top-level Entity Name              ; uart                                           ;
; Family                             ; Cyclone IV E                                   ;
; Total logic elements               ; 90                                             ;
;     Total combinational functions  ; 90                                             ;
;     Dedicated logic registers      ; 66                                             ;
; Total registers                    ; 66                                             ;
; Total pins                         ; 53                                             ;
; Total virtual pins                 ; 0                                              ;
; Total memory bits                  ; 0                                              ;
; Embedded Multiplier 9-bit elements ; 0                                              ;
; Total PLLs                         ; 0                                              ;
+------------------------------------+------------------------------------------------+


+------------------------------------------------------------------------------------------------------------+
; Analysis & Synthesis Settings                                                                              ;
+------------------------------------------------------------------+--------------------+--------------------+
; Option                                                           ; Setting            ; Default Value      ;
+------------------------------------------------------------------+--------------------+--------------------+
; Device                                                           ; EP4CE115F29C7      ;                    ;
; Top-level entity name                                            ; uart               ; uart               ;
; Family name                                                      ; Cyclone IV E       ; Cyclone V          ;
; Use smart compilation                                            ; Off                ; Off                ;
; Enable parallel Assembler and Timing Analyzer during compilation ; On                 ; On                 ;
; Enable compact report table                                      ; Off                ; Off                ;
; Restructure Multiplexers                                         ; Auto               ; Auto               ;
; Create Debugging Nodes for IP Cores                              ; Off                ; Off                ;
; Preserve fewer node names                                        ; On                 ; On                 ;
; Intel FPGA IP Evaluation Mode                                    ; Enable             ; Enable             ;
; Verilog Version                                                  ; Verilog_2001       ; Verilog_2001       ;
; VHDL Version                                                     ; VHDL_1993          ; VHDL_1993          ;
; State Machine Processing                                         ; Auto               ; Auto               ;
; Safe State Machine                                               ; Off                ; Off                ;
; Extract Verilog State Machines                                   ; On                 ; On                 ;
; Extract VHDL State Machines                                      ; On                 ; On                 ;
; Ignore Verilog initial constructs                                ; Off                ; Off                ;
; Iteration limit for constant Verilog loops                       ; 5000               ; 5000               ;
; Iteration limit for non-constant Verilog loops                   ; 250                ; 250                ;
; Add Pass-Through Logic to Inferred RAMs                          ; On                 ; On                 ;
; Infer RAMs from Raw Logic                                        ; On                 ; On                 ;
; Parallel Synthesis                                               ; On                 ; On                 ;
; DSP Block Balancing                                              ; Auto               ; Auto               ;
; NOT Gate Push-Back                                               ; On                 ; On                 ;
; Power-Up Don't Care                                              ; On                 ; On                 ;
; Remove Redundant Logic Cells                                     ; Off                ; Off                ;
; Remove Duplicate Registers                                       ; On                 ; On                 ;
; Ignore CARRY Buffers                                             ; Off                ; Off                ;
; Ignore CASCADE Buffers                                           ; Off                ; Off                ;
; Ignore GLOBAL Buffers                                            ; Off                ; Off                ;
; Ignore ROW GLOBAL Buffers                                        ; Off                ; Off                ;
; Ignore LCELL Buffers                                             ; Off                ; Off                ;
; Ignore SOFT Buffers                                              ; On                 ; On                 ;
; Limit AHDL Integers to 32 Bits                                   ; Off                ; Off                ;
; Optimization Technique                                           ; Balanced           ; Balanced           ;
; Carry Chain Length                                               ; 70                 ; 70                 ;
; Auto Carry Chains                                                ; On                 ; On                 ;
; Auto Open-Drain Pins                                             ; On                 ; On                 ;
; Perform WYSIWYG Primitive Resynthesis                            ; Off                ; Off                ;
; Auto ROM Replacement                                             ; On                 ; On                 ;
; Auto RAM Replacement                                             ; On                 ; On                 ;
; Auto DSP Block Replacement                                       ; On                 ; On                 ;
; Auto Shift Register Replacement                                  ; Auto               ; Auto               ;
; Allow Shift Register Merging across Hierarchies                  ; Auto               ; Auto               ;
; Auto Clock Enable Replacement                                    ; On                 ; On                 ;
; Strict RAM Replacement                                           ; Off                ; Off                ;
; Allow Synchronous Control Signals                                ; On                 ; On                 ;
; Force Use of Synchronous Clear Signals                           ; Off                ; Off                ;
; Auto RAM Block Balancing                                         ; On                 ; On                 ;
; Auto RAM to Logic Cell Conversion                                ; Off                ; Off                ;
; Auto Resource Sharing                                            ; Off                ; Off                ;
; Allow Any RAM Size For Recognition                               ; Off                ; Off                ;
; Allow Any ROM Size For Recognition                               ; Off                ; Off                ;
; Allow Any Shift Register Size For Recognition                    ; Off                ; Off                ;
; Use LogicLock Constraints during Resource Balancing              ; On                 ; On                 ;
; Ignore translate_off and synthesis_off directives                ; Off                ; Off                ;
; Timing-Driven Synthesis                                          ; On                 ; On                 ;
; Report Parameter Settings                                        ; On                 ; On                 ;
; Report Source Assignments                                        ; On                 ; On                 ;
; Report Connectivity Checks                                       ; On                 ; On                 ;
; Ignore Maximum Fan-Out Assignments                               ; Off                ; Off                ;
; Synchronization Register Chain Length                            ; 2                  ; 2                  ;
; Power Optimization During Synthesis                              ; Normal compilation ; Normal compilation ;
; HDL message level                                                ; Level2             ; Level2             ;
; Suppress Register Optimization Related Messages                  ; Off                ; Off                ;
; Number of Removed Registers Reported in Synthesis Report         ; 5000               ; 5000               ;
; Number of Swept Nodes Reported in Synthesis Report               ; 5000               ; 5000               ;
; Number of Inverted Registers Reported in Synthesis Report        ; 100                ; 100                ;
; Clock MUX Protection                                             ; On                 ; On                 ;
; Auto Gated Clock Conversion                                      ; Off                ; Off                ;
; Block Design Naming                                              ; Auto               ; Auto               ;
; SDC constraint protection                                        ; Off                ; Off                ;
; Synthesis Effort                                                 ; Auto               ; Auto               ;
; Shift Register Replacement - Allow Asynchronous Clear Signal     ; On                 ; On                 ;
; Pre-Mapping Resynthesis Optimization                             ; Off                ; Off                ;
; Analysis & Synthesis Message Level                               ; Medium             ; Medium             ;
; Disable Register Merging Across Hierarchies                      ; Auto               ; Auto               ;
; Resource Aware Inference For Block RAM                           ; On                 ; On                 ;
+------------------------------------------------------------------+--------------------+--------------------+


+------------------------------------------+
; Parallel Compilation                     ;
+----------------------------+-------------+
; Processors                 ; Number      ;
+----------------------------+-------------+
; Number detected on machine ; 4           ;
; Maximum allowed            ; 2           ;
;                            ;             ;
; Average used               ; 1.00        ;
; Maximum used               ; 2           ;
;                            ;             ;
; Usage by Processor         ; % Time Used ;
;     Processor 1            ; 100.0%      ;
;     Processor 2            ;   0.0%      ;
+----------------------------+-------------+


+--------------------------------------------------------------------------------------------------------------------------------------------------------------------------------------------------------------+
; Analysis & Synthesis Source Files Read                                                                                                                                                                       ;
+----------------------------------+-----------------+-----------------+-----------------------------------------------------------------------------------------------------------------------------+---------+
; File Name with User-Entered Path ; Used in Netlist ; File Type       ; File Name with Absolute Path                                                                                                ; Library ;
+----------------------------------+-----------------+-----------------+-----------------------------------------------------------------------------------------------------------------------------+---------+
; uart.vhd                         ; yes             ; User VHDL File  ; C:/Users/Glorie/OneDrive - Simon Fraser University (1sfu)/School/Semesters/2023 SPRING/ENSC 350/Final Project/UART/uart.vhd ;         ;
+----------------------------------+-----------------+-----------------+-----------------------------------------------------------------------------------------------------------------------------+---------+


+-----------------------------------------------------+
; Analysis & Synthesis Resource Usage Summary         ;
+---------------------------------------------+-------+
; Resource                                    ; Usage ;
+---------------------------------------------+-------+
; Estimated Total logic elements              ; 90    ;
;                                             ;       ;
; Total combinational functions               ; 90    ;
; Logic element usage by number of LUT inputs ;       ;
;     -- 4 input functions                    ; 20    ;
;     -- 3 input functions                    ; 2     ;
;     -- <=2 input functions                  ; 68    ;
;                                             ;       ;
; Logic elements by mode                      ;       ;
;     -- normal mode                          ; 29    ;
;     -- arithmetic mode                      ; 61    ;
;                                             ;       ;
; Total registers                             ; 66    ;
;     -- Dedicated logic registers            ; 66    ;
;     -- I/O registers                        ; 0     ;
;                                             ;       ;
; I/O pins                                    ; 53    ;
;                                             ;       ;
; Embedded Multiplier 9-bit elements          ; 0     ;
;                                             ;       ;
; Maximum fan-out node                        ; clock ;
; Maximum fan-out                             ; 33    ;
; Total fan-out                               ; 438   ;
; Average fan-out                             ; 1.67  ;
+---------------------------------------------+-------+


+----------------------------------------------------------------------------------------------------------------------------------------------------------------------------------------------------------+
; Analysis & Synthesis Resource Utilization by Entity                                                                                                                                                      ;
+----------------------------+---------------------+---------------------------+-------------+--------------+---------+-----------+------+--------------+---------------------+-------------+--------------+
; Compilation Hierarchy Node ; Combinational ALUTs ; Dedicated Logic Registers ; Memory Bits ; DSP Elements ; DSP 9x9 ; DSP 18x18 ; Pins ; Virtual Pins ; Full Hierarchy Name ; Entity Name ; Library Name ;
+----------------------------+---------------------+---------------------------+-------------+--------------+---------+-----------+------+--------------+---------------------+-------------+--------------+
; |uart                      ; 90 (90)             ; 66 (66)                   ; 0           ; 0            ; 0       ; 0         ; 53   ; 0            ; |uart               ; uart        ; work         ;
+----------------------------+---------------------+---------------------------+-------------+--------------+---------+-----------+------+--------------+---------------------+-------------+--------------+
Note: For table entries with two numbers listed, the numbers in parentheses indicate the number of resources of the given type used by the specific entity alone. The numbers listed outside of parentheses indicate the total resources of the given type used by the specific entity and all of its sub-entities in the hierarchy.


+------------------------------------------------------+
; General Register Statistics                          ;
+----------------------------------------------+-------+
; Statistic                                    ; Value ;
+----------------------------------------------+-------+
; Total registers                              ; 66    ;
; Number of registers using Synchronous Clear  ; 0     ;
; Number of registers using Synchronous Load   ; 0     ;
; Number of registers using Asynchronous Clear ; 0     ;
; Number of registers using Asynchronous Load  ; 0     ;
; Number of registers using Clock Enable       ; 33    ;
; Number of registers using Preset             ; 0     ;
+----------------------------------------------+-------+


+-----------------------------------------------------+
; Post-Synthesis Netlist Statistics for Top Partition ;
+-----------------------+-----------------------------+
; Type                  ; Count                       ;
+-----------------------+-----------------------------+
; boundary_port         ; 53                          ;
; cycloneiii_ff         ; 66                          ;
;     ENA               ; 33                          ;
;     plain             ; 33                          ;
; cycloneiii_lcell_comb ; 91                          ;
;     arith             ; 61                          ;
;         2 data inputs ; 60                          ;
;         3 data inputs ; 1                           ;
;     normal            ; 30                          ;
;         0 data inputs ; 1                           ;
;         1 data inputs ; 3                           ;
;         2 data inputs ; 5                           ;
;         3 data inputs ; 1                           ;
;         4 data inputs ; 20                          ;
;                       ;                             ;
; Max LUT depth         ; 4.10                        ;
; Average LUT depth     ; 3.26                        ;
+-----------------------+-----------------------------+


+-------------------------------+
; Elapsed Time Per Partition    ;
+----------------+--------------+
; Partition Name ; Elapsed Time ;
+----------------+--------------+
; Top            ; 00:00:00     ;
+----------------+--------------+


+-------------------------------+
; Analysis & Synthesis Messages ;
+-------------------------------+
Info: *******************************************************************
Info: Running Quartus Prime Analysis & Synthesis
    Info: Version 22.1std.0 Build 915 10/25/2022 SC Lite Edition
    Info: Processing started: Thu Apr 13 14:42:59 2023
Info: Command: quartus_map --read_settings_files=on --write_settings_files=off uart -c uart
Warning (18236): Number of processors has not been specified which may cause overloading on shared machines.  Set the global assignment NUM_PARALLEL_PROCESSORS in your QSF to an appropriate value for best performance.
Info (20030): Parallel compilation is enabled and will use 2 of the 2 processors detected
Info (12021): Found 2 design units, including 1 entities, in source file uart.vhd
    Info (12022): Found design unit 1: uart-rtl File: C:/Users/Glorie/OneDrive - Simon Fraser University (1sfu)/School/Semesters/2023 SPRING/ENSC 350/Final Project/UART/uart.vhd Line: 23
    Info (12023): Found entity 1: uart File: C:/Users/Glorie/OneDrive - Simon Fraser University (1sfu)/School/Semesters/2023 SPRING/ENSC 350/Final Project/UART/uart.vhd Line: 9
Info (12127): Elaborating entity "uart" for the top level hierarchy
Warning (10541): VHDL Signal Declaration warning at uart.vhd(14): used implicit default value for signal "LEDG" because signal was never assigned a value or an explicit default value. Use of implicit default value may introduce unintended design optimizations. File: C:/Users/Glorie/OneDrive - Simon Fraser University (1sfu)/School/Semesters/2023 SPRING/ENSC 350/Final Project/UART/uart.vhd Line: 14
Warning (10541): VHDL Signal Declaration warning at uart.vhd(15): used implicit default value for signal "LEDR" because signal was never assigned a value or an explicit default value. Use of implicit default value may introduce unintended design optimizations. File: C:/Users/Glorie/OneDrive - Simon Fraser University (1sfu)/School/Semesters/2023 SPRING/ENSC 350/Final Project/UART/uart.vhd Line: 15
Warning (10541): VHDL Signal Declaration warning at uart.vhd(19): used implicit default value for signal "UART_RTS" because signal was never assigned a value or an explicit default value. Use of implicit default value may introduce unintended design optimizations. File: C:/Users/Glorie/OneDrive - Simon Fraser University (1sfu)/School/Semesters/2023 SPRING/ENSC 350/Final Project/UART/uart.vhd Line: 19
Warning (10540): VHDL Signal Declaration warning at uart.vhd(24): used explicit default value for signal "data" because signal was never assigned a value File: C:/Users/Glorie/OneDrive - Simon Fraser University (1sfu)/School/Semesters/2023 SPRING/ENSC 350/Final Project/UART/uart.vhd Line: 24
Warning (10540): VHDL Signal Declaration warning at uart.vhd(29): used explicit default value for signal "baudRate" because signal was never assigned a value File: C:/Users/Glorie/OneDrive - Simon Fraser University (1sfu)/School/Semesters/2023 SPRING/ENSC 350/Final Project/UART/uart.vhd Line: 29
Warning (10540): VHDL Signal Declaration warning at uart.vhd(55): used explicit default value for signal "sync_err" because signal was never assigned a value File: C:/Users/Glorie/OneDrive - Simon Fraser University (1sfu)/School/Semesters/2023 SPRING/ENSC 350/Final Project/UART/uart.vhd Line: 55
Warning (10540): VHDL Signal Declaration warning at uart.vhd(58): used explicit default value for signal "txDone" because signal was never assigned a value File: C:/Users/Glorie/OneDrive - Simon Fraser University (1sfu)/School/Semesters/2023 SPRING/ENSC 350/Final Project/UART/uart.vhd Line: 58
Warning (10540): VHDL Signal Declaration warning at uart.vhd(59): used explicit default value for signal "pkt_create_done" because signal was never assigned a value File: C:/Users/Glorie/OneDrive - Simon Fraser University (1sfu)/School/Semesters/2023 SPRING/ENSC 350/Final Project/UART/uart.vhd Line: 59
Warning (10540): VHDL Signal Declaration warning at uart.vhd(62): used explicit default value for signal "pkt_process_done" because signal was never assigned a value File: C:/Users/Glorie/OneDrive - Simon Fraser University (1sfu)/School/Semesters/2023 SPRING/ENSC 350/Final Project/UART/uart.vhd Line: 62
Warning (10540): VHDL Signal Declaration warning at uart.vhd(63): used explicit default value for signal "parity_err" because signal was never assigned a value File: C:/Users/Glorie/OneDrive - Simon Fraser University (1sfu)/School/Semesters/2023 SPRING/ENSC 350/Final Project/UART/uart.vhd Line: 63
Warning (10540): VHDL Signal Declaration warning at uart.vhd(64): used explicit default value for signal "parity_err_check_done" because signal was never assigned a value File: C:/Users/Glorie/OneDrive - Simon Fraser University (1sfu)/School/Semesters/2023 SPRING/ENSC 350/Final Project/UART/uart.vhd Line: 64
Warning (10540): VHDL Signal Declaration warning at uart.vhd(65): used explicit default value for signal "rxDone" because signal was never assigned a value File: C:/Users/Glorie/OneDrive - Simon Fraser University (1sfu)/School/Semesters/2023 SPRING/ENSC 350/Final Project/UART/uart.vhd Line: 65
Warning (10492): VHDL Process Statement warning at uart.vhd(100): signal "state" is read inside the Process Statement but isn't in the Process Statement's sensitivity list File: C:/Users/Glorie/OneDrive - Simon Fraser University (1sfu)/School/Semesters/2023 SPRING/ENSC 350/Final Project/UART/uart.vhd Line: 100
Warning (10492): VHDL Process Statement warning at uart.vhd(125): signal "state" is read inside the Process Statement but isn't in the Process Statement's sensitivity list File: C:/Users/Glorie/OneDrive - Simon Fraser University (1sfu)/School/Semesters/2023 SPRING/ENSC 350/Final Project/UART/uart.vhd Line: 125
Warning (10492): VHDL Process Statement warning at uart.vhd(127): signal "UART_CTS" is read inside the Process Statement but isn't in the Process Statement's sensitivity list File: C:/Users/Glorie/OneDrive - Simon Fraser University (1sfu)/School/Semesters/2023 SPRING/ENSC 350/Final Project/UART/uart.vhd Line: 127
Warning (10492): VHDL Process Statement warning at uart.vhd(136): signal "sync_err" is read inside the Process Statement but isn't in the Process Statement's sensitivity list File: C:/Users/Glorie/OneDrive - Simon Fraser University (1sfu)/School/Semesters/2023 SPRING/ENSC 350/Final Project/UART/uart.vhd Line: 136
Warning (10492): VHDL Process Statement warning at uart.vhd(138): signal "pkt_create_done" is read inside the Process Statement but isn't in the Process Statement's sensitivity list File: C:/Users/Glorie/OneDrive - Simon Fraser University (1sfu)/School/Semesters/2023 SPRING/ENSC 350/Final Project/UART/uart.vhd Line: 138
Warning (10492): VHDL Process Statement warning at uart.vhd(145): signal "txDone" is read inside the Process Statement but isn't in the Process Statement's sensitivity list File: C:/Users/Glorie/OneDrive - Simon Fraser University (1sfu)/School/Semesters/2023 SPRING/ENSC 350/Final Project/UART/uart.vhd Line: 145
Warning (10492): VHDL Process Statement warning at uart.vhd(145): signal "sync_err" is read inside the Process Statement but isn't in the Process Statement's sensitivity list File: C:/Users/Glorie/OneDrive - Simon Fraser University (1sfu)/School/Semesters/2023 SPRING/ENSC 350/Final Project/UART/uart.vhd Line: 145
Warning (10492): VHDL Process Statement warning at uart.vhd(152): signal "sync_err" is read inside the Process Statement but isn't in the Process Statement's sensitivity list File: C:/Users/Glorie/OneDrive - Simon Fraser University (1sfu)/School/Semesters/2023 SPRING/ENSC 350/Final Project/UART/uart.vhd Line: 152
Warning (10492): VHDL Process Statement warning at uart.vhd(154): signal "pkt_process_done" is read inside the Process Statement but isn't in the Process Statement's sensitivity list File: C:/Users/Glorie/OneDrive - Simon Fraser University (1sfu)/School/Semesters/2023 SPRING/ENSC 350/Final Project/UART/uart.vhd Line: 154
Warning (10492): VHDL Process Statement warning at uart.vhd(161): signal "parity_err_check_done" is read inside the Process Statement but isn't in the Process Statement's sensitivity list File: C:/Users/Glorie/OneDrive - Simon Fraser University (1sfu)/School/Semesters/2023 SPRING/ENSC 350/Final Project/UART/uart.vhd Line: 161
Warning (10492): VHDL Process Statement warning at uart.vhd(171): signal "rxDone" is read inside the Process Statement but isn't in the Process Statement's sensitivity list File: C:/Users/Glorie/OneDrive - Simon Fraser University (1sfu)/School/Semesters/2023 SPRING/ENSC 350/Final Project/UART/uart.vhd Line: 171
Warning (13024): Output pins are stuck at VCC or GND
    Warning (13410): Pin "LEDG[0]" is stuck at GND File: C:/Users/Glorie/OneDrive - Simon Fraser University (1sfu)/School/Semesters/2023 SPRING/ENSC 350/Final Project/UART/uart.vhd Line: 14
    Warning (13410): Pin "LEDG[1]" is stuck at GND File: C:/Users/Glorie/OneDrive - Simon Fraser University (1sfu)/School/Semesters/2023 SPRING/ENSC 350/Final Project/UART/uart.vhd Line: 14
    Warning (13410): Pin "LEDG[2]" is stuck at GND File: C:/Users/Glorie/OneDrive - Simon Fraser University (1sfu)/School/Semesters/2023 SPRING/ENSC 350/Final Project/UART/uart.vhd Line: 14
    Warning (13410): Pin "LEDG[3]" is stuck at GND File: C:/Users/Glorie/OneDrive - Simon Fraser University (1sfu)/School/Semesters/2023 SPRING/ENSC 350/Final Project/UART/uart.vhd Line: 14
    Warning (13410): Pin "LEDG[4]" is stuck at GND File: C:/Users/Glorie/OneDrive - Simon Fraser University (1sfu)/School/Semesters/2023 SPRING/ENSC 350/Final Project/UART/uart.vhd Line: 14
    Warning (13410): Pin "LEDG[5]" is stuck at GND File: C:/Users/Glorie/OneDrive - Simon Fraser University (1sfu)/School/Semesters/2023 SPRING/ENSC 350/Final Project/UART/uart.vhd Line: 14
    Warning (13410): Pin "LEDG[6]" is stuck at GND File: C:/Users/Glorie/OneDrive - Simon Fraser University (1sfu)/School/Semesters/2023 SPRING/ENSC 350/Final Project/UART/uart.vhd Line: 14
    Warning (13410): Pin "LEDG[7]" is stuck at GND File: C:/Users/Glorie/OneDrive - Simon Fraser University (1sfu)/School/Semesters/2023 SPRING/ENSC 350/Final Project/UART/uart.vhd Line: 14
    Warning (13410): Pin "LEDR[0]" is stuck at GND File: C:/Users/Glorie/OneDrive - Simon Fraser University (1sfu)/School/Semesters/2023 SPRING/ENSC 350/Final Project/UART/uart.vhd Line: 15
    Warning (13410): Pin "LEDR[1]" is stuck at GND File: C:/Users/Glorie/OneDrive - Simon Fraser University (1sfu)/School/Semesters/2023 SPRING/ENSC 350/Final Project/UART/uart.vhd Line: 15
    Warning (13410): Pin "LEDR[2]" is stuck at GND File: C:/Users/Glorie/OneDrive - Simon Fraser University (1sfu)/School/Semesters/2023 SPRING/ENSC 350/Final Project/UART/uart.vhd Line: 15
    Warning (13410): Pin "LEDR[3]" is stuck at GND File: C:/Users/Glorie/OneDrive - Simon Fraser University (1sfu)/School/Semesters/2023 SPRING/ENSC 350/Final Project/UART/uart.vhd Line: 15
    Warning (13410): Pin "LEDR[4]" is stuck at GND File: C:/Users/Glorie/OneDrive - Simon Fraser University (1sfu)/School/Semesters/2023 SPRING/ENSC 350/Final Project/UART/uart.vhd Line: 15
    Warning (13410): Pin "LEDR[5]" is stuck at GND File: C:/Users/Glorie/OneDrive - Simon Fraser University (1sfu)/School/Semesters/2023 SPRING/ENSC 350/Final Project/UART/uart.vhd Line: 15
    Warning (13410): Pin "LEDR[6]" is stuck at GND File: C:/Users/Glorie/OneDrive - Simon Fraser University (1sfu)/School/Semesters/2023 SPRING/ENSC 350/Final Project/UART/uart.vhd Line: 15
    Warning (13410): Pin "LEDR[7]" is stuck at GND File: C:/Users/Glorie/OneDrive - Simon Fraser University (1sfu)/School/Semesters/2023 SPRING/ENSC 350/Final Project/UART/uart.vhd Line: 15
    Warning (13410): Pin "LEDR[8]" is stuck at GND File: C:/Users/Glorie/OneDrive - Simon Fraser University (1sfu)/School/Semesters/2023 SPRING/ENSC 350/Final Project/UART/uart.vhd Line: 15
    Warning (13410): Pin "LEDR[9]" is stuck at GND File: C:/Users/Glorie/OneDrive - Simon Fraser University (1sfu)/School/Semesters/2023 SPRING/ENSC 350/Final Project/UART/uart.vhd Line: 15
    Warning (13410): Pin "LEDR[10]" is stuck at GND File: C:/Users/Glorie/OneDrive - Simon Fraser University (1sfu)/School/Semesters/2023 SPRING/ENSC 350/Final Project/UART/uart.vhd Line: 15
    Warning (13410): Pin "LEDR[11]" is stuck at GND File: C:/Users/Glorie/OneDrive - Simon Fraser University (1sfu)/School/Semesters/2023 SPRING/ENSC 350/Final Project/UART/uart.vhd Line: 15
    Warning (13410): Pin "LEDR[12]" is stuck at GND File: C:/Users/Glorie/OneDrive - Simon Fraser University (1sfu)/School/Semesters/2023 SPRING/ENSC 350/Final Project/UART/uart.vhd Line: 15
    Warning (13410): Pin "LEDR[13]" is stuck at GND File: C:/Users/Glorie/OneDrive - Simon Fraser University (1sfu)/School/Semesters/2023 SPRING/ENSC 350/Final Project/UART/uart.vhd Line: 15
    Warning (13410): Pin "LEDR[14]" is stuck at GND File: C:/Users/Glorie/OneDrive - Simon Fraser University (1sfu)/School/Semesters/2023 SPRING/ENSC 350/Final Project/UART/uart.vhd Line: 15
    Warning (13410): Pin "LEDR[15]" is stuck at GND File: C:/Users/Glorie/OneDrive - Simon Fraser University (1sfu)/School/Semesters/2023 SPRING/ENSC 350/Final Project/UART/uart.vhd Line: 15
    Warning (13410): Pin "LEDR[16]" is stuck at GND File: C:/Users/Glorie/OneDrive - Simon Fraser University (1sfu)/School/Semesters/2023 SPRING/ENSC 350/Final Project/UART/uart.vhd Line: 15
    Warning (13410): Pin "LEDR[17]" is stuck at GND File: C:/Users/Glorie/OneDrive - Simon Fraser University (1sfu)/School/Semesters/2023 SPRING/ENSC 350/Final Project/UART/uart.vhd Line: 15
    Warning (13410): Pin "UART_RTS" is stuck at GND File: C:/Users/Glorie/OneDrive - Simon Fraser University (1sfu)/School/Semesters/2023 SPRING/ENSC 350/Final Project/UART/uart.vhd Line: 19
Info (286030): Timing-Driven Synthesis is running
Info (16010): Generating hard_block partition "hard_block:auto_generated_inst"
    Info (16011): Adding 0 node(s), including 0 DDIO, 0 PLL, 0 transceiver and 0 LCELL
Warning (21074): Design contains 24 input pin(s) that do not drive logic
    Warning (15610): No output dependent on input pin "KEY[0]" File: C:/Users/Glorie/OneDrive - Simon Fraser University (1sfu)/School/Semesters/2023 SPRING/ENSC 350/Final Project/UART/uart.vhd Line: 12
    Warning (15610): No output dependent on input pin "KEY[1]" File: C:/Users/Glorie/OneDrive - Simon Fraser University (1sfu)/School/Semesters/2023 SPRING/ENSC 350/Final Project/UART/uart.vhd Line: 12
    Warning (15610): No output dependent on input pin "KEY[2]" File: C:/Users/Glorie/OneDrive - Simon Fraser University (1sfu)/School/Semesters/2023 SPRING/ENSC 350/Final Project/UART/uart.vhd Line: 12
    Warning (15610): No output dependent on input pin "KEY[3]" File: C:/Users/Glorie/OneDrive - Simon Fraser University (1sfu)/School/Semesters/2023 SPRING/ENSC 350/Final Project/UART/uart.vhd Line: 12
    Warning (15610): No output dependent on input pin "SW[0]" File: C:/Users/Glorie/OneDrive - Simon Fraser University (1sfu)/School/Semesters/2023 SPRING/ENSC 350/Final Project/UART/uart.vhd Line: 13
    Warning (15610): No output dependent on input pin "SW[1]" File: C:/Users/Glorie/OneDrive - Simon Fraser University (1sfu)/School/Semesters/2023 SPRING/ENSC 350/Final Project/UART/uart.vhd Line: 13
    Warning (15610): No output dependent on input pin "SW[2]" File: C:/Users/Glorie/OneDrive - Simon Fraser University (1sfu)/School/Semesters/2023 SPRING/ENSC 350/Final Project/UART/uart.vhd Line: 13
    Warning (15610): No output dependent on input pin "SW[3]" File: C:/Users/Glorie/OneDrive - Simon Fraser University (1sfu)/School/Semesters/2023 SPRING/ENSC 350/Final Project/UART/uart.vhd Line: 13
    Warning (15610): No output dependent on input pin "SW[4]" File: C:/Users/Glorie/OneDrive - Simon Fraser University (1sfu)/School/Semesters/2023 SPRING/ENSC 350/Final Project/UART/uart.vhd Line: 13
    Warning (15610): No output dependent on input pin "SW[5]" File: C:/Users/Glorie/OneDrive - Simon Fraser University (1sfu)/School/Semesters/2023 SPRING/ENSC 350/Final Project/UART/uart.vhd Line: 13
    Warning (15610): No output dependent on input pin "SW[6]" File: C:/Users/Glorie/OneDrive - Simon Fraser University (1sfu)/School/Semesters/2023 SPRING/ENSC 350/Final Project/UART/uart.vhd Line: 13
    Warning (15610): No output dependent on input pin "SW[7]" File: C:/Users/Glorie/OneDrive - Simon Fraser University (1sfu)/School/Semesters/2023 SPRING/ENSC 350/Final Project/UART/uart.vhd Line: 13
    Warning (15610): No output dependent on input pin "SW[8]" File: C:/Users/Glorie/OneDrive - Simon Fraser University (1sfu)/School/Semesters/2023 SPRING/ENSC 350/Final Project/UART/uart.vhd Line: 13
    Warning (15610): No output dependent on input pin "SW[9]" File: C:/Users/Glorie/OneDrive - Simon Fraser University (1sfu)/School/Semesters/2023 SPRING/ENSC 350/Final Project/UART/uart.vhd Line: 13
    Warning (15610): No output dependent on input pin "SW[10]" File: C:/Users/Glorie/OneDrive - Simon Fraser University (1sfu)/School/Semesters/2023 SPRING/ENSC 350/Final Project/UART/uart.vhd Line: 13
    Warning (15610): No output dependent on input pin "SW[11]" File: C:/Users/Glorie/OneDrive - Simon Fraser University (1sfu)/School/Semesters/2023 SPRING/ENSC 350/Final Project/UART/uart.vhd Line: 13
    Warning (15610): No output dependent on input pin "SW[12]" File: C:/Users/Glorie/OneDrive - Simon Fraser University (1sfu)/School/Semesters/2023 SPRING/ENSC 350/Final Project/UART/uart.vhd Line: 13
    Warning (15610): No output dependent on input pin "SW[13]" File: C:/Users/Glorie/OneDrive - Simon Fraser University (1sfu)/School/Semesters/2023 SPRING/ENSC 350/Final Project/UART/uart.vhd Line: 13
    Warning (15610): No output dependent on input pin "SW[14]" File: C:/Users/Glorie/OneDrive - Simon Fraser University (1sfu)/School/Semesters/2023 SPRING/ENSC 350/Final Project/UART/uart.vhd Line: 13
    Warning (15610): No output dependent on input pin "SW[15]" File: C:/Users/Glorie/OneDrive - Simon Fraser University (1sfu)/School/Semesters/2023 SPRING/ENSC 350/Final Project/UART/uart.vhd Line: 13
    Warning (15610): No output dependent on input pin "SW[16]" File: C:/Users/Glorie/OneDrive - Simon Fraser University (1sfu)/School/Semesters/2023 SPRING/ENSC 350/Final Project/UART/uart.vhd Line: 13
    Warning (15610): No output dependent on input pin "SW[17]" File: C:/Users/Glorie/OneDrive - Simon Fraser University (1sfu)/School/Semesters/2023 SPRING/ENSC 350/Final Project/UART/uart.vhd Line: 13
    Warning (15610): No output dependent on input pin "UART_RXD" File: C:/Users/Glorie/OneDrive - Simon Fraser University (1sfu)/School/Semesters/2023 SPRING/ENSC 350/Final Project/UART/uart.vhd Line: 17
    Warning (15610): No output dependent on input pin "UART_CTS" File: C:/Users/Glorie/OneDrive - Simon Fraser University (1sfu)/School/Semesters/2023 SPRING/ENSC 350/Final Project/UART/uart.vhd Line: 18
Info (21057): Implemented 144 device resources after synthesis - the final resource count might be different
    Info (21058): Implemented 25 input pins
    Info (21059): Implemented 28 output pins
    Info (21061): Implemented 91 logic cells
Info: Quartus Prime Analysis & Synthesis was successful. 0 errors, 77 warnings
    Info: Peak virtual memory: 4793 megabytes
    Info: Processing ended: Thu Apr 13 14:43:15 2023
    Info: Elapsed time: 00:00:16
    Info: Total CPU time (on all processors): 00:00:34


